build/app/intermediates/manifest_merge_blame_file/debug/manifest-merger-blame-debug-report.txt
1<?xml version="1.0" encoding="utf-8"?>
2<manifest xmlns:android="http://schemas.android.com/apk/res/android"
3    package="com.caleb.will.pi_park"
4    android:versionCode="1"
5    android:versionName="1.0.0" >
6
7    <uses-sdk
8        android:minSdkVersion="21"
9        android:targetSdkVersion="28" />
10    <!--
11         Flutter needs it to communicate with the running application
12         to allow setting breakpoints, to provide hot reload, etc.
13    -->
14    <uses-permission android:name="android.permission.INTERNET" />
14-->src/debug/AndroidManifest.xml:6:5-66
14-->src/debug/AndroidManifest.xml:6:22-64
15    <!--
16     io.flutter.app.FlutterApplication is an android.app.Application that
17         calls FlutterMain.startInitialization(this); in its onCreate method.
18         In most cases you can leave this as-is, but you if you want to provide
19         additional functionality it is fine to subclass or reimplement
20         FlutterApplication and put your custom class here.
21    -->
22    <uses-permission android:name="android.permission.CAMERA" />
22-->src/main/AndroidManifest.xml:8:5-65
22-->src/main/AndroidManifest.xml:8:22-62
23    <uses-permission android:name="android.permission.ACCESS_NETWORK_STATE" />
23-->[com.google.android.gms:play-services-measurement:17.2.2] AndroidManifest.xml:24:5-79
23-->[com.google.android.gms:play-services-measurement:17.2.2] AndroidManifest.xml:24:22-76
24    <uses-permission android:name="android.permission.WAKE_LOCK" />
24-->[com.google.android.gms:play-services-measurement:17.2.2] AndroidManifest.xml:25:5-68
24-->[com.google.android.gms:play-services-measurement:17.2.2] AndroidManifest.xml:25:22-65
25    <uses-permission android:name="com.google.android.finsky.permission.BIND_GET_INSTALL_REFERRER_SERVICE" /> <!-- Required by older versions of Google Play services to create IID tokens -->
25-->[com.google.android.gms:play-services-measurement:17.2.2] AndroidManifest.xml:26:5-110
25-->[com.google.android.gms:play-services-measurement:17.2.2] AndroidManifest.xml:26:22-107
26    <uses-permission android:name="com.google.android.c2dm.permission.RECEIVE" />
26-->[com.google.firebase:firebase-iid:20.0.2] AndroidManifest.xml:26:5-82
26-->[com.google.firebase:firebase-iid:20.0.2] AndroidManifest.xml:26:22-79
27
28    <application
28-->src/main/AndroidManifest.xml:9:5-31:19
29        android:name="io.flutter.app.FlutterApplication"
29-->src/main/AndroidManifest.xml:10:9-57
30        android:appComponentFactory="androidx.core.app.CoreComponentFactory"
30-->[androidx.core:core:1.1.0] AndroidManifest.xml:24:18-86
31        android:debuggable="true"
32        android:icon="@mipmap/ic_launcher"
32-->src/main/AndroidManifest.xml:12:9-43
33        android:label="pi_park" >
33-->src/main/AndroidManifest.xml:11:9-32
34        <activity
34-->src/main/AndroidManifest.xml:13:9-24:20
35            android:name="com.caleb.will.pi_park.MainActivity"
35-->src/main/AndroidManifest.xml:14:13-41
36            android:configChanges="orientation|keyboardHidden|keyboard|screenSize|smallestScreenSize|locale|layoutDirection|fontScale|screenLayout|density|uiMode"
36-->src/main/AndroidManifest.xml:17:13-163
37            android:hardwareAccelerated="true"
37-->src/main/AndroidManifest.xml:18:13-47
38            android:launchMode="singleTop"
38-->src/main/AndroidManifest.xml:15:13-43
39            android:theme="@style/LaunchTheme"
39-->src/main/AndroidManifest.xml:16:13-47
40            android:windowSoftInputMode="adjustResize" >
40-->src/main/AndroidManifest.xml:19:13-55
41            <intent-filter>
41-->src/main/AndroidManifest.xml:20:13-23:29
42                <action android:name="android.intent.action.MAIN" />
42-->src/main/AndroidManifest.xml:21:17-68
42-->src/main/AndroidManifest.xml:21:25-66
43
44                <category android:name="android.intent.category.LAUNCHER" />
44-->src/main/AndroidManifest.xml:22:17-76
44-->src/main/AndroidManifest.xml:22:27-74
45            </intent-filter>
46        </activity>
47        <activity android:name="com.apptreesoftware.barcodescan.BarcodeScannerActivity" />
47-->src/main/AndroidManifest.xml:25:9-90
47-->src/main/AndroidManifest.xml:25:19-88
48        <!--
49             Don't delete the meta-data below.
50             This is used by the Flutter tool to generate GeneratedPluginRegistrant.java
51        -->
52        <meta-data
52-->src/main/AndroidManifest.xml:28:9-30:33
53            android:name="flutterEmbedding"
53-->src/main/AndroidManifest.xml:29:13-44
54            android:value="2" />
54-->src/main/AndroidManifest.xml:30:13-30
55
56        <service
56-->[:firebase_auth] AndroidManifest.xml:8:9-12:19
57            android:name="com.google.firebase.components.ComponentDiscoveryService"
57-->[:firebase_auth] AndroidManifest.xml:8:18-89
58            android:directBootAware="true"
58-->[com.google.firebase:firebase-common:19.3.0] AndroidManifest.xml:34:13-43
59            android:exported="false" >
59-->[com.google.firebase:firebase-auth:19.2.0] AndroidManifest.xml:35:13-37
60            <meta-data
60-->[:firebase_auth] AndroidManifest.xml:9:13-11:85
61                android:name="com.google.firebase.components:io.flutter.plugins.firebaseauth.FlutterFirebaseAppRegistrar"
61-->[:firebase_auth] AndroidManifest.xml:10:17-122
62                android:value="com.google.firebase.components.ComponentRegistrar" />
62-->[:firebase_auth] AndroidManifest.xml:11:17-82
63            <meta-data
63-->[:cloud_firestore] AndroidManifest.xml:9:13-11:85
64                android:name="com.google.firebase.components:io.flutter.plugins.firebase.cloudfirestore.FlutterFirebaseAppRegistrar"
64-->[:cloud_firestore] AndroidManifest.xml:10:17-133
65                android:value="com.google.firebase.components.ComponentRegistrar" />
65-->[:cloud_firestore] AndroidManifest.xml:11:17-82
66            <meta-data
66-->[:firebase_core] AndroidManifest.xml:9:13-11:85
67                android:name="com.google.firebase.components:io.flutter.plugins.firebase.core.FlutterFirebaseAppRegistrar"
67-->[:firebase_core] AndroidManifest.xml:10:17-123
68                android:value="com.google.firebase.components.ComponentRegistrar" />
68-->[:firebase_core] AndroidManifest.xml:11:17-82
69            <meta-data
69-->[com.google.firebase:firebase-auth:19.2.0] AndroidManifest.xml:36:13-38:85
70                android:name="com.google.firebase.components:com.google.firebase.auth.FirebaseAuthRegistrar"
70-->[com.google.firebase:firebase-auth:19.2.0] AndroidManifest.xml:37:17-109
71                android:value="com.google.firebase.components.ComponentRegistrar" />
71-->[com.google.firebase:firebase-auth:19.2.0] AndroidManifest.xml:38:17-82
72            <meta-data
72-->[com.google.android.gms:play-services-measurement-api:17.2.2] AndroidManifest.xml:30:13-32:85
73                android:name="com.google.firebase.components:com.google.firebase.analytics.connector.internal.AnalyticsConnectorRegistrar"
73-->[com.google.android.gms:play-services-measurement-api:17.2.2] AndroidManifest.xml:31:17-139
74                android:value="com.google.firebase.components.ComponentRegistrar" />
74-->[com.google.android.gms:play-services-measurement-api:17.2.2] AndroidManifest.xml:32:17-82
75            <meta-data
75-->[com.google.firebase:firebase-firestore:21.3.0] AndroidManifest.xml:20:13-22:85
76                android:name="com.google.firebase.components:com.google.firebase.firestore.FirestoreRegistrar"
76-->[com.google.firebase:firebase-firestore:21.3.0] AndroidManifest.xml:21:17-111
77                android:value="com.google.firebase.components.ComponentRegistrar" />
77-->[com.google.firebase:firebase-firestore:21.3.0] AndroidManifest.xml:22:17-82
78            <meta-data
78-->[com.google.firebase:firebase-iid:20.0.2] AndroidManifest.xml:32:13-34:85
79                android:name="com.google.firebase.components:com.google.firebase.iid.Registrar"
79-->[com.google.firebase:firebase-iid:20.0.2] AndroidManifest.xml:33:17-96
80                android:value="com.google.firebase.components.ComponentRegistrar" />
80-->[com.google.firebase:firebase-iid:20.0.2] AndroidManifest.xml:34:17-82
81        </service>
82
83        <activity android:name="de.mintware.barcode_scan.BarcodeScannerActivity" />
83-->[:barcode_scan] AndroidManifest.xml:10:9-84
83-->[:barcode_scan] AndroidManifest.xml:10:19-81
84        <activity
84-->[com.google.firebase:firebase-auth:19.2.0] AndroidManifest.xml:24:9-31:50
85            android:name="com.google.firebase.auth.internal.FederatedSignInActivity"
85-->[com.google.firebase:firebase-auth:19.2.0] AndroidManifest.xml:25:13-85
86            android:excludeFromRecents="true"
86-->[com.google.firebase:firebase-auth:19.2.0] AndroidManifest.xml:26:13-46
87            android:exported="true"
87-->[com.google.firebase:firebase-auth:19.2.0] AndroidManifest.xml:27:13-36
88            android:launchMode="singleTask"
88-->[com.google.firebase:firebase-auth:19.2.0] AndroidManifest.xml:28:13-44
89            android:permission="com.google.firebase.auth.api.gms.permission.LAUNCH_FEDERATED_SIGN_IN"
89-->[com.google.firebase:firebase-auth:19.2.0] AndroidManifest.xml:29:13-102
90            android:theme="@android:style/Theme.Translucent.NoTitleBar" />
90-->[com.google.firebase:firebase-auth:19.2.0] AndroidManifest.xml:30:13-72
91
92        <receiver
92-->[com.google.android.gms:play-services-measurement:17.2.2] AndroidManifest.xml:29:9-33:20
93            android:name="com.google.android.gms.measurement.AppMeasurementReceiver"
93-->[com.google.android.gms:play-services-measurement:17.2.2] AndroidManifest.xml:30:13-85
94            android:enabled="true"
94-->[com.google.android.gms:play-services-measurement:17.2.2] AndroidManifest.xml:31:13-35
95            android:exported="false" >
95-->[com.google.android.gms:play-services-measurement:17.2.2] AndroidManifest.xml:32:13-37
96        </receiver>
97        <receiver
97-->[com.google.android.gms:play-services-measurement:17.2.2] AndroidManifest.xml:34:9-42:20
98            android:name="com.google.android.gms.measurement.AppMeasurementInstallReferrerReceiver"
98-->[com.google.android.gms:play-services-measurement:17.2.2] AndroidManifest.xml:35:13-100
99            android:enabled="true"
99-->[com.google.android.gms:play-services-measurement:17.2.2] AndroidManifest.xml:36:13-35
100            android:exported="true"
100-->[com.google.android.gms:play-services-measurement:17.2.2] AndroidManifest.xml:37:13-36
101            android:permission="android.permission.INSTALL_PACKAGES" >
101-->[com.google.android.gms:play-services-measurement:17.2.2] AndroidManifest.xml:38:13-69
102            <intent-filter>
102-->[com.google.android.gms:play-services-measurement:17.2.2] AndroidManifest.xml:39:13-41:29
103                <action android:name="com.android.vending.INSTALL_REFERRER" />
103-->[com.google.android.gms:play-services-measurement:17.2.2] AndroidManifest.xml:40:17-79
103-->[com.google.android.gms:play-services-measurement:17.2.2] AndroidManifest.xml:40:25-76
104            </intent-filter>
105        </receiver>
106
107        <service
107-->[com.google.android.gms:play-services-measurement:17.2.2] AndroidManifest.xml:44:9-47:40
108            android:name="com.google.android.gms.measurement.AppMeasurementService"
108-->[com.google.android.gms:play-services-measurement:17.2.2] AndroidManifest.xml:45:13-84
109            android:enabled="true"
109-->[com.google.android.gms:play-services-measurement:17.2.2] AndroidManifest.xml:46:13-35
110            android:exported="false" />
110-->[com.google.android.gms:play-services-measurement:17.2.2] AndroidManifest.xml:47:13-37
111        <service
111-->[com.google.android.gms:play-services-measurement:17.2.2] AndroidManifest.xml:48:9-52:72
112            android:name="com.google.android.gms.measurement.AppMeasurementJobService"
112-->[com.google.android.gms:play-services-measurement:17.2.2] AndroidManifest.xml:49:13-87
113            android:enabled="true"
113-->[com.google.android.gms:play-services-measurement:17.2.2] AndroidManifest.xml:50:13-35
114            android:exported="false"
114-->[com.google.android.gms:play-services-measurement:17.2.2] AndroidManifest.xml:51:13-37
115            android:permission="android.permission.BIND_JOB_SERVICE" />
115-->[com.google.android.gms:play-services-measurement:17.2.2] AndroidManifest.xml:52:13-69
116
117        <receiver
117-->[com.google.firebase:firebase-iid:20.0.2] AndroidManifest.xml:37:9-44:20
118            android:name="com.google.firebase.iid.FirebaseInstanceIdReceiver"
118-->[com.google.firebase:firebase-iid:20.0.2] AndroidManifest.xml:38:13-78
119            android:exported="true"
119-->[com.google.firebase:firebase-iid:20.0.2] AndroidManifest.xml:39:13-36
120            android:permission="com.google.android.c2dm.permission.SEND" >
120-->[com.google.firebase:firebase-iid:20.0.2] AndroidManifest.xml:40:13-73
121            <intent-filter>
121-->[com.google.firebase:firebase-iid:20.0.2] AndroidManifest.xml:41:13-43:29
122                <action android:name="com.google.android.c2dm.intent.RECEIVE" />
122-->[com.google.firebase:firebase-iid:20.0.2] AndroidManifest.xml:42:17-81
122-->[com.google.firebase:firebase-iid:20.0.2] AndroidManifest.xml:42:25-78
123            </intent-filter>
124        </receiver>
125
126        <provider
126-->[com.google.firebase:firebase-common:19.3.0] AndroidManifest.xml:26:9-30:39
127            android:name="com.google.firebase.provider.FirebaseInitProvider"
127-->[com.google.firebase:firebase-common:19.3.0] AndroidManifest.xml:27:13-77
128            android:authorities="com.caleb.will.pi_park.firebaseinitprovider"
128-->[com.google.firebase:firebase-common:19.3.0] AndroidManifest.xml:28:13-72
129            android:exported="false"
129-->[com.google.firebase:firebase-common:19.3.0] AndroidManifest.xml:29:13-37
130            android:initOrder="100" />
130-->[com.google.firebase:firebase-common:19.3.0] AndroidManifest.xml:30:13-36
131
132        <activity
132-->[com.google.android.gms:play-services-base:17.1.0] AndroidManifest.xml:23:9-26:75
133            android:name="com.google.android.gms.common.api.GoogleApiActivity"
133-->[com.google.android.gms:play-services-base:17.1.0] AndroidManifest.xml:24:13-79
134            android:exported="false"
134-->[com.google.android.gms:play-services-base:17.1.0] AndroidManifest.xml:25:13-37
135            android:theme="@android:style/Theme.Translucent.NoTitleBar" />
135-->[com.google.android.gms:play-services-base:17.1.0] AndroidManifest.xml:26:13-72
136
137        <meta-data
137-->[com.google.android.gms:play-services-basement:17.0.0] AndroidManifest.xml:23:9-25:69
138            android:name="com.google.android.gms.version"
138-->[com.google.android.gms:play-services-basement:17.0.0] AndroidManifest.xml:24:13-58
139            android:value="@integer/google_play_services_version" />
139-->[com.google.android.gms:play-services-basement:17.0.0] AndroidManifest.xml:25:13-66
140    </application>
141
142</manifest>